Thu Nov 13 2014 23:26:33 GMT+0000 (GMT):
{ [Error: Server returned error in RSTR - ErrorCode: NONE : FaultMessage: NONE]
  stack: [Getter/Setter],
  __frame: 
   { name: 'getSubscriptions',
     line: 23,
     file: '/usr/local/azure/lib/util/profile/subscriptionUtils.js',
     prev: 
      { name: '__1',
        line: 41,
        file: '/usr/local/azure/lib/commands/login.js',
        prev: undefined,
        active: false,
        offset: 47,
        col: 31 },
     active: false,
     offset: 1,
     col: 20 },
  rawStack: [Getter] }
Error: Server returned error in RSTR - ErrorCode: NONE : FaultMessage: NONE
    at Logger.createError (/usr/local/azure/node_modules/adal-node/lib/log.js:196:13)
    at WSTrustResponse.parse (/usr/local/azure/node_modules/adal-node/lib/wstrust-response.js:243:23)
    at WSTrustRequest._handleRSTR (/usr/local/azure/node_modules/adal-node/lib/wstrust-request.js:150:21)
    at /usr/local/azure/node_modules/adal-node/lib/wstrust-request.js:183:12
    at Request._callback (/usr/local/azure/node_modules/adal-node/lib/util.js:116:5)
    at Request.self.callback (/usr/local/azure/node_modules/request/request.js:129:22)
    at Request.EventEmitter.emit (events.js:98:17)
    at Request.<anonymous> (/usr/local/azure/node_modules/request/request.js:873:14)
    at Request.EventEmitter.emit (events.js:117:20)
    at IncomingMessage.<anonymous> (/usr/local/azure/node_modules/request/request.js:824:12)
    at getSubscriptions (/usr/local/azure/lib/util/profile/subscriptionUtils.js:24:20)
    at __1 (/usr/local/azure/lib/commands/login.js:88:31)

